<?xml version="1.0" encoding="UTF-8"?>
<!-- Generated by org.testng.reporters.JUnitXMLReporter -->
<testsuite hostname="LAPTOP-C3PMCVEI" name="Default test" tests="9" failures="0" timestamp="29 Oct 2016 22:31:22 GMT" time="0.117" errors="0">
  <testcase name="testNullString" time="0.023" classname="com.stringproblem.TestStringProblem"/>
  <testcase name="testString" time="0.003" classname="com.stringproblem.TestStringProblem"/>
  <testcase name="testStringNoCharPresent" time="0.003" classname="com.stringproblem.TestStringProblem"/>
  <testcase name="testStringWithBlankChar" time="0.002" classname="com.stringproblem.TestStringProblem"/>
  <testcase name="testStringWithBlankCharReplace" time="0.002" classname="com.stringproblem.TestStringProblem"/>
  <testcase name="testStringWithNoChar" time="0.003" classname="com.stringproblem.TestStringProblem"/>
  <testcase name="testStringWithOneChar" time="0.003" classname="com.stringproblem.TestStringProblem"/>
  <testcase name="testStringWithSameChar" time="0.001" classname="com.stringproblem.TestStringProblem"/>
  <testcase name="testStringWithSpecialChar" time="0.003" classname="com.stringproblem.TestStringProblem"/>
</testsuite> <!-- Default test -->
